Copyright 1986-2017 Xilinx, Inc. All Rights Reserved.
---------------------------------------------------------------------------------------------------------------------
| Tool Version : Vivado v.2017.1 (win64) Build 1846317 Fri Apr 14 18:55:03 MDT 2017
| Date         : Wed May 17 00:58:53 2017
| Host         : DESKTOP-GM7ATB6 running 64-bit major release  (build 9200)
| Command      : report_methodology -file pattern_methodology_drc_routed.rpt -rpx pattern_methodology_drc_routed.rpx
| Design       : pattern
| Device       : xc7z010clg400-1
| Speed File   : -1
| Design State : Routed
---------------------------------------------------------------------------------------------------------------------

Report Methodology

Table of Contents
-----------------
1. REPORT SUMMARY
2. REPORT DETAILS

1. REPORT SUMMARY
-----------------
            Netlist: netlist
          Floorplan: design_1
      Design limits: <entire design considered>
             Max violations: <unlimited>
             Violations found: 15
+-----------+----------+-------------------------------+------------+
| Rule      | Severity | Description                   | Violations |
+-----------+----------+-------------------------------+------------+
| TIMING-18 | Warning  | Missing input or output delay | 15         |
+-----------+----------+-------------------------------+------------+

2. REPORT DETAILS
-----------------
TIMING-18#1 Warning
Missing input or output delay  
An input delay is missing on RST relative to clock(s) VIRTUAL_iPCK 
Related violations: <none>

TIMING-18#2 Warning
Missing input or output delay  
An output delay is missing on VGA_B[0] relative to clock(s) VIRTUAL_iPCK 
Related violations: <none>

TIMING-18#3 Warning
Missing input or output delay  
An output delay is missing on VGA_B[1] relative to clock(s) VIRTUAL_iPCK 
Related violations: <none>

TIMING-18#4 Warning
Missing input or output delay  
An output delay is missing on VGA_B[2] relative to clock(s) VIRTUAL_iPCK 
Related violations: <none>

TIMING-18#5 Warning
Missing input or output delay  
An output delay is missing on VGA_B[3] relative to clock(s) VIRTUAL_iPCK 
Related violations: <none>

TIMING-18#6 Warning
Missing input or output delay  
An output delay is missing on VGA_G[0] relative to clock(s) VIRTUAL_iPCK 
Related violations: <none>

TIMING-18#7 Warning
Missing input or output delay  
An output delay is missing on VGA_G[1] relative to clock(s) VIRTUAL_iPCK 
Related violations: <none>

TIMING-18#8 Warning
Missing input or output delay  
An output delay is missing on VGA_G[2] relative to clock(s) VIRTUAL_iPCK 
Related violations: <none>

TIMING-18#9 Warning
Missing input or output delay  
An output delay is missing on VGA_G[3] relative to clock(s) VIRTUAL_iPCK 
Related violations: <none>

TIMING-18#10 Warning
Missing input or output delay  
An output delay is missing on VGA_HS relative to clock(s) VIRTUAL_iPCK 
Related violations: <none>

TIMING-18#11 Warning
Missing input or output delay  
An output delay is missing on VGA_R[0] relative to clock(s) VIRTUAL_iPCK 
Related violations: <none>

TIMING-18#12 Warning
Missing input or output delay  
An output delay is missing on VGA_R[1] relative to clock(s) VIRTUAL_iPCK 
Related violations: <none>

TIMING-18#13 Warning
Missing input or output delay  
An output delay is missing on VGA_R[2] relative to clock(s) VIRTUAL_iPCK 
Related violations: <none>

TIMING-18#14 Warning
Missing input or output delay  
An output delay is missing on VGA_R[3] relative to clock(s) VIRTUAL_iPCK 
Related violations: <none>

TIMING-18#15 Warning
Missing input or output delay  
An output delay is missing on VGA_VS relative to clock(s) VIRTUAL_iPCK 
Related violations: <none>


