Copyright 1986-2017 Xilinx, Inc. All Rights Reserved.
------------------------------------------------------------------------------------
| Tool Version : Vivado v.2017.1 (win64) Build 1846317 Fri Apr 14 18:55:03 MDT 2017
| Date         : Wed May 17 00:58:30 2017
| Host         : DESKTOP-GM7ATB6 running 64-bit major release  (build 9200)
| Command      : report_drc -file pattern_drc_opted.rpt
| Design       : pattern
| Device       : xc7z010clg400-1
| Speed File   : -1
| Design State : Synthesized
------------------------------------------------------------------------------------

Report DRC

Table of Contents
-----------------
1. REPORT SUMMARY
2. REPORT DETAILS

1. REPORT SUMMARY
-----------------
            Netlist: netlist
          Floorplan: design_1
      Design limits: <entire design considered>
           Ruledeck: default
             Max violations: <unlimited>
             Violations found: 1
+--------+----------+--------------------+------------+
| Rule   | Severity | Description        | Violations |
+--------+----------+--------------------+------------+
| ZPS7-1 | Warning  | PS7 block required | 1          |
+--------+----------+--------------------+------------+

2. REPORT DETAILS
-----------------
ZPS7-1#1 Warning
PS7 block required  
The PS7 cell must be used in this Zynq design in order to enable correct default configuration.
Related violations: <none>


